<?xml version="1.0" encoding="UTF-8"?>
<!-- Generated by org.testng.reporters.JUnitXMLReporter -->
<testsuite ignored="0" hostname="DESKTOP-QBL1DR2" failures="0" tests="8" name="Default test" time="28.861" errors="0" timestamp="2023-11-18T11:26:54 IST">
  <testcase classname="testNGPractical.Individual_Assignment" name="VerifyLoadedResult" time="10.688"/>
  <testcase classname="testNGPractical.Individual_Assignment" name="VerifyHeaderText" time="2.258"/>
  <testcase classname="testNGPractical.Individual_Assignment" name="VerifyPageTitle" time="2.196"/>
  <testcase classname="testNGPractical.Individual_Assignment" name="ButtonTrasition" time="5.268"/>
  <testcase classname="testNGPractical.Individual_Assignment" name="CartItemCount" time="0.205"/>
  <testcase classname="testNGPractical.Individual_Assignment" name="ClickcartIcon" time="0.221"/>
  <testcase classname="testNGPractical.Individual_Assignment" name="VerifyCartHeaderText" time="2.2"/>
  <testcase classname="testNGPractical.Individual_Assignment" name="VerifyItemDetails" time="0.157"/>
</testsuite> <!-- Default test -->
