<?xml version="1.0" encoding="UTF-8"?>
<!-- Generated by org.testng.reporters.JUnitXMLReporter -->
<testsuite ignored="0" hostname="DESKTOP-QBL1DR2" failures="0" tests="15" name="Default test" time="64.658" errors="0" timestamp="2023-11-19T08:16:22 IST">
  <testcase classname="testNGPractical.Individual_Assignment" name="VerifyLoadedResult" time="10.564"/>
  <testcase classname="testNGPractical.Individual_Assignment" name="VerifyHeaderText" time="2.265"/>
  <testcase classname="testNGPractical.Individual_Assignment" name="VerifyPageTitle" time="2.196"/>
  <testcase classname="testNGPractical.Individual_Assignment" name="ButtonTrasition" time="5.295"/>
  <testcase classname="testNGPractical.Individual_Assignment" name="CartItemCount" time="0.21"/>
  <testcase classname="testNGPractical.Individual_Assignment" name="ClickcartIcon" time="2.259"/>
  <testcase classname="testNGPractical.Individual_Assignment" name="VerifyCartHeaderText" time="2.21"/>
  <testcase classname="testNGPractical.Individual_Assignment" name="VerifyItemDetails" time="2.198"/>
  <testcase classname="testNGPractical.Individual_Assignment" name="VerifyItemPrice" time="2.19"/>
  <testcase classname="testNGPractical.Individual_Assignment" name="VerifyItemCount" time="2.191"/>
  <testcase classname="testNGPractical.Individual_Assignment" name="ContinueShoppingBTN" time="5.358"/>
  <testcase classname="testNGPractical.Individual_Assignment" name="RemoveBTN" time="14.427"/>
  <testcase classname="testNGPractical.Individual_Assignment" name="CheckoutBTN" time="2.225"/>
  <testcase classname="testNGPractical.Individual_Assignment" name="VerifyCheckoutHeaderText" time="2.21"/>
  <testcase classname="testNGPractical.Individual_Assignment" name="CancelBTN" time="4.289"/>
</testsuite> <!-- Default test -->
